d:\cmp202_coursework\202game\debug\vc142.pdb
d:\cmp202_coursework\202game\debug\vc142.idb
d:\cmp202_coursework\202game\debug\texttag.obj
d:\cmp202_coursework\202game\debug\stage.obj
d:\cmp202_coursework\202game\debug\player.obj
d:\cmp202_coursework\202game\debug\particle.obj
d:\cmp202_coursework\202game\debug\main.obj
d:\cmp202_coursework\202game\debug\game.obj
d:\cmp202_coursework\202game\debug\enemyspawner.obj
d:\cmp202_coursework\202game\debug\enemy.obj
d:\cmp202_coursework\202game\debug\bullet.obj
d:\cmp202_coursework\debug\cmp202_1900264.ilk
d:\cmp202_coursework\debug\cmp202_1900264.exe
d:\cmp202_coursework\debug\cmp202_1900264.pdb
d:\cmp202_coursework\202game\debug\boss.obj
d:\cmp202_coursework\202game\debug\gamemapmaker.obj
d:\cmp202_coursework\202game\debug\mainmenu.obj
d:\cmp202_coursework\202game\debug\map.obj
d:\cmp202_coursework\202game\debug\pickup.obj
d:\cmp202_coursework\202game\debug\powerup.obj
d:\cmp202_coursework\202game\debug\tile.obj
d:\cmp202_coursework\202game\debug\upgrade.obj
d:\cmp202_coursework\202game\debug\wbutton.obj
d:\cmp202_coursework\202game\debug\wingman.obj
d:\cmp202_coursework\202game\debug\enemy.obj.enc
d:\cmp202_coursework\202game\debug\vc140.idb
d:\cmp202_coursework\202game\debug\vc140.pdb
d:\cmp202_coursework\202game\debug\cmp202_1900264.tlog\cl.command.1.tlog
d:\cmp202_coursework\202game\debug\cmp202_1900264.tlog\cl.read.1.tlog
d:\cmp202_coursework\202game\debug\cmp202_1900264.tlog\cl.write.1.tlog
d:\cmp202_coursework\202game\debug\cmp202_1900264.tlog\link.command.1.tlog
d:\cmp202_coursework\202game\debug\cmp202_1900264.tlog\link.read.1.tlog
d:\cmp202_coursework\202game\debug\cmp202_1900264.tlog\link.write.1.tlog
